android/build/app/intermediates/manifest_merge_blame_file/release/processReleaseMainManifest/manifest-merger-blame-release-report.txt
1<?xml version="1.0" encoding="utf-8"?>
2<manifest xmlns:android="http://schemas.android.com/apk/res/android"
3    package="com.example.chunk_vocab"
4    android:versionCode="1"
5    android:versionName="1.0.0" >
6
7    <uses-sdk
8        android:minSdkVersion="23"
9        android:targetSdkVersion="35" />
10
11    <!-- 인터넷 권한 추가 -->
12    <uses-permission android:name="android.permission.INTERNET" />
12-->src\main\AndroidManifest.xml:4:5-66
12-->src\main\AndroidManifest.xml:4:22-64
13
14    <!-- 알림 권한 추가 -->
15    <uses-permission android:name="android.permission.RECEIVE_BOOT_COMPLETED" />
15-->src\main\AndroidManifest.xml:7:5-80
15-->src\main\AndroidManifest.xml:7:22-78
16    <uses-permission android:name="android.permission.VIBRATE" />
16-->src\main\AndroidManifest.xml:8:5-66
16-->src\main\AndroidManifest.xml:8:22-63
17    <uses-permission android:name="android.permission.SCHEDULE_EXACT_ALARM" />
17-->src\main\AndroidManifest.xml:9:5-79
17-->src\main\AndroidManifest.xml:9:22-76
18    <uses-permission android:name="android.permission.USE_EXACT_ALARM" />
18-->src\main\AndroidManifest.xml:10:5-74
18-->src\main\AndroidManifest.xml:10:22-71
19    <uses-permission android:name="android.permission.POST_NOTIFICATIONS" />
19-->src\main\AndroidManifest.xml:11:5-76
19-->src\main\AndroidManifest.xml:11:22-74
20    <!--
21         Required to query activities that can process text, see:
22         https://developer.android.com/training/package-visibility and
23         https://developer.android.com/reference/android/content/Intent#ACTION_PROCESS_TEXT.
24
25         In particular, this is used by the Flutter engine in io.flutter.plugin.text.ProcessTextPlugin.
26    -->
27    <queries>
27-->src\main\AndroidManifest.xml:50:5-55:15
28        <intent>
28-->src\main\AndroidManifest.xml:51:9-54:18
29            <action android:name="android.intent.action.PROCESS_TEXT" />
29-->src\main\AndroidManifest.xml:52:13-72
29-->src\main\AndroidManifest.xml:52:21-70
30
31            <data android:mimeType="text/plain" />
31-->src\main\AndroidManifest.xml:53:13-50
31-->src\main\AndroidManifest.xml:53:19-48
32        </intent>
33        <intent>
33-->[:file_picker] AndroidManifest.xml:8:9-12:18
34            <action android:name="android.intent.action.GET_CONTENT" />
34-->[:file_picker] AndroidManifest.xml:9:13-72
34-->[:file_picker] AndroidManifest.xml:9:21-69
35
36            <data android:mimeType="*/*" />
36-->src\main\AndroidManifest.xml:53:13-50
36-->src\main\AndroidManifest.xml:53:19-48
37        </intent> <!-- For browser content -->
38        <intent>
38-->[com.google.android.gms:play-services-ads-api:24.1.0] AndroidManifest.xml:38:9-44:18
39            <action android:name="android.intent.action.VIEW" />
39-->[com.google.android.gms:play-services-ads-api:24.1.0] AndroidManifest.xml:39:13-65
39-->[com.google.android.gms:play-services-ads-api:24.1.0] AndroidManifest.xml:39:21-62
40
41            <category android:name="android.intent.category.BROWSABLE" />
41-->[com.google.android.gms:play-services-ads-api:24.1.0] AndroidManifest.xml:41:13-74
41-->[com.google.android.gms:play-services-ads-api:24.1.0] AndroidManifest.xml:41:23-71
42
43            <data android:scheme="https" />
43-->src\main\AndroidManifest.xml:53:13-50
44        </intent> <!-- End of browser content -->
45        <!-- For CustomTabsService -->
46        <intent>
46-->[com.google.android.gms:play-services-ads-api:24.1.0] AndroidManifest.xml:47:9-49:18
47            <action android:name="android.support.customtabs.action.CustomTabsService" />
47-->[com.google.android.gms:play-services-ads-api:24.1.0] AndroidManifest.xml:48:13-90
47-->[com.google.android.gms:play-services-ads-api:24.1.0] AndroidManifest.xml:48:21-87
48        </intent> <!-- End of CustomTabsService -->
49        <!-- For MRAID capabilities -->
50        <intent>
50-->[com.google.android.gms:play-services-ads-api:24.1.0] AndroidManifest.xml:52:9-56:18
51            <action android:name="android.intent.action.INSERT" />
51-->[com.google.android.gms:play-services-ads-api:24.1.0] AndroidManifest.xml:53:13-67
51-->[com.google.android.gms:play-services-ads-api:24.1.0] AndroidManifest.xml:53:21-64
52
53            <data android:mimeType="vnd.android.cursor.dir/event" />
53-->src\main\AndroidManifest.xml:53:13-50
53-->src\main\AndroidManifest.xml:53:19-48
54        </intent>
55        <intent>
55-->[com.google.android.gms:play-services-ads-api:24.1.0] AndroidManifest.xml:57:9-61:18
56            <action android:name="android.intent.action.VIEW" />
56-->[com.google.android.gms:play-services-ads-api:24.1.0] AndroidManifest.xml:39:13-65
56-->[com.google.android.gms:play-services-ads-api:24.1.0] AndroidManifest.xml:39:21-62
57
58            <data android:scheme="sms" />
58-->src\main\AndroidManifest.xml:53:13-50
59        </intent>
60        <intent>
60-->[com.google.android.gms:play-services-ads-api:24.1.0] AndroidManifest.xml:62:9-66:18
61            <action android:name="android.intent.action.DIAL" />
61-->[com.google.android.gms:play-services-ads-api:24.1.0] AndroidManifest.xml:63:13-65
61-->[com.google.android.gms:play-services-ads-api:24.1.0] AndroidManifest.xml:63:21-62
62
63            <data android:path="tel:" />
63-->src\main\AndroidManifest.xml:53:13-50
64        </intent>
65        <intent>
65-->[com.android.billingclient:billing:7.1.1] AndroidManifest.xml:13:9-15:18
66            <action android:name="com.android.vending.billing.InAppBillingService.BIND" />
66-->[com.android.billingclient:billing:7.1.1] AndroidManifest.xml:14:13-91
66-->[com.android.billingclient:billing:7.1.1] AndroidManifest.xml:14:21-88
67        </intent>
68        <intent>
68-->[com.android.billingclient:billing:7.1.1] AndroidManifest.xml:16:9-18:18
69            <action android:name="com.google.android.apps.play.billingtestcompanion.BillingOverrideService.BIND" />
69-->[com.android.billingclient:billing:7.1.1] AndroidManifest.xml:17:13-116
69-->[com.android.billingclient:billing:7.1.1] AndroidManifest.xml:17:21-113
70        </intent>
71    </queries>
72
73    <uses-permission android:name="android.permission.ACCESS_NETWORK_STATE" />
73-->[:connectivity_plus] AndroidManifest.xml:7:5-79
73-->[:connectivity_plus] AndroidManifest.xml:7:22-76
74    <uses-permission android:name="com.google.android.gms.permission.AD_ID" />
74-->[com.google.android.gms:play-services-ads-api:24.1.0] AndroidManifest.xml:26:5-79
74-->[com.google.android.gms:play-services-ads-api:24.1.0] AndroidManifest.xml:26:22-76
75    <uses-permission android:name="android.permission.ACCESS_ADSERVICES_AD_ID" />
75-->[com.google.android.gms:play-services-ads-api:24.1.0] AndroidManifest.xml:27:5-82
75-->[com.google.android.gms:play-services-ads-api:24.1.0] AndroidManifest.xml:27:22-79
76    <uses-permission android:name="android.permission.ACCESS_ADSERVICES_ATTRIBUTION" />
76-->[com.google.android.gms:play-services-ads-api:24.1.0] AndroidManifest.xml:28:5-88
76-->[com.google.android.gms:play-services-ads-api:24.1.0] AndroidManifest.xml:28:22-85
77    <uses-permission android:name="android.permission.ACCESS_ADSERVICES_TOPICS" />
77-->[com.google.android.gms:play-services-ads-api:24.1.0] AndroidManifest.xml:29:5-83
77-->[com.google.android.gms:play-services-ads-api:24.1.0] AndroidManifest.xml:29:22-80
78    <uses-permission android:name="com.android.vending.BILLING" />
78-->[com.android.billingclient:billing:7.1.1] AndroidManifest.xml:10:5-67
78-->[com.android.billingclient:billing:7.1.1] AndroidManifest.xml:10:22-64
79    <uses-permission android:name="android.permission.WAKE_LOCK" />
79-->[com.google.android.gms:play-services-measurement-sdk-api:20.1.2] AndroidManifest.xml:25:5-68
79-->[com.google.android.gms:play-services-measurement-sdk-api:20.1.2] AndroidManifest.xml:25:22-65
80    <uses-permission android:name="android.permission.FOREGROUND_SERVICE" />
80-->[androidx.work:work-runtime:2.7.0] AndroidManifest.xml:28:5-77
80-->[androidx.work:work-runtime:2.7.0] AndroidManifest.xml:28:22-74
81
82    <permission
82-->[androidx.core:core:1.15.0] AndroidManifest.xml:22:5-24:47
83        android:name="com.example.chunk_vocab.DYNAMIC_RECEIVER_NOT_EXPORTED_PERMISSION"
83-->[androidx.core:core:1.15.0] AndroidManifest.xml:23:9-81
84        android:protectionLevel="signature" />
84-->[androidx.core:core:1.15.0] AndroidManifest.xml:24:9-44
85
86    <uses-permission android:name="com.example.chunk_vocab.DYNAMIC_RECEIVER_NOT_EXPORTED_PERMISSION" />
86-->[androidx.core:core:1.15.0] AndroidManifest.xml:26:5-97
86-->[androidx.core:core:1.15.0] AndroidManifest.xml:26:22-94
87
88    <application
89        android:name="android.app.Application"
89-->src\main\AndroidManifest.xml:15:9-42
90        android:appComponentFactory="androidx.core.app.CoreComponentFactory"
90-->[androidx.core:core:1.15.0] AndroidManifest.xml:28:18-86
91        android:extractNativeLibs="false"
92        android:icon="@mipmap/ic_launcher"
92-->src\main\AndroidManifest.xml:16:9-43
93        android:label="chunk_up" >
93-->src\main\AndroidManifest.xml:14:9-33
94        <activity
94-->src\main\AndroidManifest.xml:17:9-38:20
95            android:name="com.example.chunk_vocab.MainActivity"
95-->src\main\AndroidManifest.xml:18:13-41
96            android:configChanges="orientation|keyboardHidden|keyboard|screenSize|smallestScreenSize|locale|layoutDirection|fontScale|screenLayout|density|uiMode"
96-->src\main\AndroidManifest.xml:23:13-163
97            android:exported="true"
97-->src\main\AndroidManifest.xml:19:13-36
98            android:hardwareAccelerated="true"
98-->src\main\AndroidManifest.xml:24:13-47
99            android:launchMode="singleTop"
99-->src\main\AndroidManifest.xml:20:13-43
100            android:taskAffinity=""
100-->src\main\AndroidManifest.xml:21:13-36
101            android:theme="@style/LaunchTheme"
101-->src\main\AndroidManifest.xml:22:13-47
102            android:windowSoftInputMode="adjustResize" >
102-->src\main\AndroidManifest.xml:25:13-55
103
104            <!--
105                 Specifies an Android theme to apply to this Activity as soon as
106                 the Android process has started. This theme is visible to the user
107                 while the Flutter UI initializes. After that, this theme continues
108                 to determine the Window background behind the Flutter UI.
109            -->
110            <meta-data
110-->src\main\AndroidManifest.xml:30:13-33:19
111                android:name="io.flutter.embedding.android.NormalTheme"
111-->src\main\AndroidManifest.xml:31:17-72
112                android:resource="@style/NormalTheme" />
112-->src\main\AndroidManifest.xml:32:17-54
113
114            <intent-filter>
114-->src\main\AndroidManifest.xml:34:13-37:29
115                <action android:name="android.intent.action.MAIN" />
115-->src\main\AndroidManifest.xml:35:17-68
115-->src\main\AndroidManifest.xml:35:25-66
116
117                <category android:name="android.intent.category.LAUNCHER" />
117-->src\main\AndroidManifest.xml:36:17-76
117-->src\main\AndroidManifest.xml:36:27-74
118            </intent-filter>
119        </activity>
120        <!--
121             Don't delete the meta-data below.
122             This is used by the Flutter tool to generate GeneratedPluginRegistrant.java
123        -->
124        <meta-data
124-->src\main\AndroidManifest.xml:41:9-43:33
125            android:name="flutterEmbedding"
125-->src\main\AndroidManifest.xml:42:13-44
126            android:value="2" />
126-->src\main\AndroidManifest.xml:43:13-30
127        <meta-data
127-->[:google_mobile_ads] AndroidManifest.xml:10:9-12:36
128            android:name="io.flutter.embedded_views_preview"
128-->[:google_mobile_ads] AndroidManifest.xml:11:13-61
129            android:value="true" />
129-->[:google_mobile_ads] AndroidManifest.xml:12:13-33
130
131        <activity
131-->[:url_launcher_android] AndroidManifest.xml:8:9-11:74
132            android:name="io.flutter.plugins.urllauncher.WebViewActivity"
132-->[:url_launcher_android] AndroidManifest.xml:9:13-74
133            android:exported="false"
133-->[:url_launcher_android] AndroidManifest.xml:10:13-37
134            android:theme="@android:style/Theme.NoTitleBar.Fullscreen" />
134-->[:url_launcher_android] AndroidManifest.xml:11:13-71
135
136        <provider
136-->[:printing] AndroidManifest.xml:8:9-16:20
137            android:name="net.nfet.flutter.printing.PrintFileProvider"
137-->[:printing] AndroidManifest.xml:9:13-71
138            android:authorities="com.example.chunk_vocab.flutter.printing"
138-->[:printing] AndroidManifest.xml:10:13-68
139            android:exported="false"
139-->[:printing] AndroidManifest.xml:11:13-37
140            android:grantUriPermissions="true" >
140-->[:printing] AndroidManifest.xml:12:13-47
141            <meta-data
141-->[:printing] AndroidManifest.xml:13:13-15:71
142                android:name="android.support.FILE_PROVIDER_PATHS"
142-->[:printing] AndroidManifest.xml:14:17-67
143                android:resource="@xml/flutter_printing_file_paths" />
143-->[:printing] AndroidManifest.xml:15:17-68
144        </provider>
145
146        <activity
146-->[com.google.android.gms:play-services-auth:21.0.0] AndroidManifest.xml:23:9-27:75
147            android:name="com.google.android.gms.auth.api.signin.internal.SignInHubActivity"
147-->[com.google.android.gms:play-services-auth:21.0.0] AndroidManifest.xml:24:13-93
148            android:excludeFromRecents="true"
148-->[com.google.android.gms:play-services-auth:21.0.0] AndroidManifest.xml:25:13-46
149            android:exported="false"
149-->[com.google.android.gms:play-services-auth:21.0.0] AndroidManifest.xml:26:13-37
150            android:theme="@android:style/Theme.Translucent.NoTitleBar" />
150-->[com.google.android.gms:play-services-auth:21.0.0] AndroidManifest.xml:27:13-72
151        <!--
152            Service handling Google Sign-In user revocation. For apps that do not integrate with
153            Google Sign-In, this service will never be started.
154        -->
155        <service
155-->[com.google.android.gms:play-services-auth:21.0.0] AndroidManifest.xml:33:9-37:51
156            android:name="com.google.android.gms.auth.api.signin.RevocationBoundService"
156-->[com.google.android.gms:play-services-auth:21.0.0] AndroidManifest.xml:34:13-89
157            android:exported="true"
157-->[com.google.android.gms:play-services-auth:21.0.0] AndroidManifest.xml:35:13-36
158            android:permission="com.google.android.gms.auth.api.signin.permission.REVOCATION_NOTIFICATION"
158-->[com.google.android.gms:play-services-auth:21.0.0] AndroidManifest.xml:36:13-107
159            android:visibleToInstantApps="true" /> <!-- Include the AdActivity and InAppPurchaseActivity configChanges and themes. -->
159-->[com.google.android.gms:play-services-auth:21.0.0] AndroidManifest.xml:37:13-48
160        <activity
160-->[com.google.android.gms:play-services-ads-api:24.1.0] AndroidManifest.xml:73:9-78:43
161            android:name="com.google.android.gms.ads.AdActivity"
161-->[com.google.android.gms:play-services-ads-api:24.1.0] AndroidManifest.xml:74:13-65
162            android:configChanges="keyboard|keyboardHidden|orientation|screenLayout|uiMode|screenSize|smallestScreenSize"
162-->[com.google.android.gms:play-services-ads-api:24.1.0] AndroidManifest.xml:75:13-122
163            android:exported="false"
163-->[com.google.android.gms:play-services-ads-api:24.1.0] AndroidManifest.xml:76:13-37
164            android:theme="@android:style/Theme.Translucent" />
164-->[com.google.android.gms:play-services-ads-api:24.1.0] AndroidManifest.xml:77:13-61
165
166        <provider
166-->[com.google.android.gms:play-services-ads-api:24.1.0] AndroidManifest.xml:80:9-85:43
167            android:name="com.google.android.gms.ads.MobileAdsInitProvider"
167-->[com.google.android.gms:play-services-ads-api:24.1.0] AndroidManifest.xml:81:13-76
168            android:authorities="com.example.chunk_vocab.mobileadsinitprovider"
168-->[com.google.android.gms:play-services-ads-api:24.1.0] AndroidManifest.xml:82:13-73
169            android:exported="false"
169-->[com.google.android.gms:play-services-ads-api:24.1.0] AndroidManifest.xml:83:13-37
170            android:initOrder="100" />
170-->[com.google.android.gms:play-services-ads-api:24.1.0] AndroidManifest.xml:84:13-36
171
172        <service
172-->[com.google.android.gms:play-services-ads-api:24.1.0] AndroidManifest.xml:87:9-91:43
173            android:name="com.google.android.gms.ads.AdService"
173-->[com.google.android.gms:play-services-ads-api:24.1.0] AndroidManifest.xml:88:13-64
174            android:enabled="true"
174-->[com.google.android.gms:play-services-ads-api:24.1.0] AndroidManifest.xml:89:13-35
175            android:exported="false" />
175-->[com.google.android.gms:play-services-ads-api:24.1.0] AndroidManifest.xml:90:13-37
176
177        <activity
177-->[com.google.android.gms:play-services-ads-api:24.1.0] AndroidManifest.xml:93:9-97:43
178            android:name="com.google.android.gms.ads.OutOfContextTestingActivity"
178-->[com.google.android.gms:play-services-ads-api:24.1.0] AndroidManifest.xml:94:13-82
179            android:configChanges="keyboard|keyboardHidden|orientation|screenLayout|uiMode|screenSize|smallestScreenSize"
179-->[com.google.android.gms:play-services-ads-api:24.1.0] AndroidManifest.xml:95:13-122
180            android:exported="false" />
180-->[com.google.android.gms:play-services-ads-api:24.1.0] AndroidManifest.xml:96:13-37
181        <activity
181-->[com.google.android.gms:play-services-ads-api:24.1.0] AndroidManifest.xml:98:9-105:43
182            android:name="com.google.android.gms.ads.NotificationHandlerActivity"
182-->[com.google.android.gms:play-services-ads-api:24.1.0] AndroidManifest.xml:99:13-82
183            android:excludeFromRecents="true"
183-->[com.google.android.gms:play-services-ads-api:24.1.0] AndroidManifest.xml:100:13-46
184            android:exported="false"
184-->[com.google.android.gms:play-services-ads-api:24.1.0] AndroidManifest.xml:101:13-37
185            android:launchMode="singleTask"
185-->[com.google.android.gms:play-services-ads-api:24.1.0] AndroidManifest.xml:102:13-44
186            android:taskAffinity=""
186-->[com.google.android.gms:play-services-ads-api:24.1.0] AndroidManifest.xml:103:13-36
187            android:theme="@android:style/Theme.Translucent.NoTitleBar" />
187-->[com.google.android.gms:play-services-ads-api:24.1.0] AndroidManifest.xml:104:13-72
188
189        <meta-data
189-->[com.google.android.gms:play-services-ads-api:24.1.0] AndroidManifest.xml:107:9-109:36
190            android:name="com.google.android.gms.ads.flag.OPTIMIZE_AD_LOADING"
190-->[com.google.android.gms:play-services-ads-api:24.1.0] AndroidManifest.xml:108:13-79
191            android:value="true" />
191-->[com.google.android.gms:play-services-ads-api:24.1.0] AndroidManifest.xml:109:13-33
192        <meta-data
192-->[com.google.android.gms:play-services-ads-api:24.1.0] AndroidManifest.xml:110:9-112:36
193            android:name="com.google.android.gms.ads.flag.OPTIMIZE_INITIALIZATION"
193-->[com.google.android.gms:play-services-ads-api:24.1.0] AndroidManifest.xml:111:13-83
194            android:value="true" />
194-->[com.google.android.gms:play-services-ads-api:24.1.0] AndroidManifest.xml:112:13-33
195        <meta-data
195-->[com.android.billingclient:billing:7.1.1] AndroidManifest.xml:22:9-24:37
196            android:name="com.google.android.play.billingclient.version"
196-->[com.android.billingclient:billing:7.1.1] AndroidManifest.xml:23:13-73
197            android:value="7.1.1" />
197-->[com.android.billingclient:billing:7.1.1] AndroidManifest.xml:24:13-34
198
199        <activity
199-->[com.android.billingclient:billing:7.1.1] AndroidManifest.xml:26:9-30:75
200            android:name="com.android.billingclient.api.ProxyBillingActivity"
200-->[com.android.billingclient:billing:7.1.1] AndroidManifest.xml:27:13-78
201            android:configChanges="keyboard|keyboardHidden|screenLayout|screenSize|orientation"
201-->[com.android.billingclient:billing:7.1.1] AndroidManifest.xml:28:13-96
202            android:exported="false"
202-->[com.android.billingclient:billing:7.1.1] AndroidManifest.xml:29:13-37
203            android:theme="@android:style/Theme.Translucent.NoTitleBar" />
203-->[com.android.billingclient:billing:7.1.1] AndroidManifest.xml:30:13-72
204        <activity
204-->[com.android.billingclient:billing:7.1.1] AndroidManifest.xml:31:9-35:75
205            android:name="com.android.billingclient.api.ProxyBillingActivityV2"
205-->[com.android.billingclient:billing:7.1.1] AndroidManifest.xml:32:13-80
206            android:configChanges="keyboard|keyboardHidden|screenLayout|screenSize|orientation"
206-->[com.android.billingclient:billing:7.1.1] AndroidManifest.xml:33:13-96
207            android:exported="false"
207-->[com.android.billingclient:billing:7.1.1] AndroidManifest.xml:34:13-37
208            android:theme="@android:style/Theme.Translucent.NoTitleBar" />
208-->[com.android.billingclient:billing:7.1.1] AndroidManifest.xml:35:13-72
209        <activity
209-->[com.google.android.gms:play-services-base:18.5.0] AndroidManifest.xml:5:9-173
210            android:name="com.google.android.gms.common.api.GoogleApiActivity"
210-->[com.google.android.gms:play-services-base:18.5.0] AndroidManifest.xml:5:19-85
211            android:exported="false"
211-->[com.google.android.gms:play-services-base:18.5.0] AndroidManifest.xml:5:146-170
212            android:theme="@android:style/Theme.Translucent.NoTitleBar" />
212-->[com.google.android.gms:play-services-base:18.5.0] AndroidManifest.xml:5:86-145
213
214        <meta-data
214-->[com.google.android.gms:play-services-basement:18.4.0] AndroidManifest.xml:6:9-122
215            android:name="com.google.android.gms.version"
215-->[com.google.android.gms:play-services-basement:18.4.0] AndroidManifest.xml:6:20-65
216            android:value="@integer/google_play_services_version" />
216-->[com.google.android.gms:play-services-basement:18.4.0] AndroidManifest.xml:6:66-119
217
218        <uses-library
218-->[androidx.privacysandbox.ads:ads-adservices:1.0.0-beta05] AndroidManifest.xml:23:9-25:40
219            android:name="android.ext.adservices"
219-->[androidx.privacysandbox.ads:ads-adservices:1.0.0-beta05] AndroidManifest.xml:24:13-50
220            android:required="false" />
220-->[androidx.privacysandbox.ads:ads-adservices:1.0.0-beta05] AndroidManifest.xml:25:13-37
221
222        <provider
222-->[androidx.work:work-runtime:2.7.0] AndroidManifest.xml:31:9-39:20
223            android:name="androidx.startup.InitializationProvider"
223-->[androidx.work:work-runtime:2.7.0] AndroidManifest.xml:32:13-67
224            android:authorities="com.example.chunk_vocab.androidx-startup"
224-->[androidx.work:work-runtime:2.7.0] AndroidManifest.xml:33:13-68
225            android:exported="false" >
225-->[androidx.work:work-runtime:2.7.0] AndroidManifest.xml:34:13-37
226            <meta-data
226-->[androidx.work:work-runtime:2.7.0] AndroidManifest.xml:36:13-38:52
227                android:name="androidx.work.WorkManagerInitializer"
227-->[androidx.work:work-runtime:2.7.0] AndroidManifest.xml:37:17-68
228                android:value="androidx.startup" />
228-->[androidx.work:work-runtime:2.7.0] AndroidManifest.xml:38:17-49
229            <meta-data
229-->[androidx.lifecycle:lifecycle-process:2.8.7] AndroidManifest.xml:29:13-31:52
230                android:name="androidx.lifecycle.ProcessLifecycleInitializer"
230-->[androidx.lifecycle:lifecycle-process:2.8.7] AndroidManifest.xml:30:17-78
231                android:value="androidx.startup" />
231-->[androidx.lifecycle:lifecycle-process:2.8.7] AndroidManifest.xml:31:17-49
232            <meta-data
232-->[androidx.profileinstaller:profileinstaller:1.3.1] AndroidManifest.xml:29:13-31:52
233                android:name="androidx.profileinstaller.ProfileInstallerInitializer"
233-->[androidx.profileinstaller:profileinstaller:1.3.1] AndroidManifest.xml:30:17-85
234                android:value="androidx.startup" />
234-->[androidx.profileinstaller:profileinstaller:1.3.1] AndroidManifest.xml:31:17-49
235        </provider>
236
237        <service
237-->[androidx.work:work-runtime:2.7.0] AndroidManifest.xml:41:9-46:35
238            android:name="androidx.work.impl.background.systemalarm.SystemAlarmService"
238-->[androidx.work:work-runtime:2.7.0] AndroidManifest.xml:42:13-88
239            android:directBootAware="false"
239-->[androidx.work:work-runtime:2.7.0] AndroidManifest.xml:43:13-44
240            android:enabled="@bool/enable_system_alarm_service_default"
240-->[androidx.work:work-runtime:2.7.0] AndroidManifest.xml:44:13-72
241            android:exported="false" />
241-->[androidx.work:work-runtime:2.7.0] AndroidManifest.xml:45:13-37
242        <service
242-->[androidx.work:work-runtime:2.7.0] AndroidManifest.xml:47:9-53:35
243            android:name="androidx.work.impl.background.systemjob.SystemJobService"
243-->[androidx.work:work-runtime:2.7.0] AndroidManifest.xml:48:13-84
244            android:directBootAware="false"
244-->[androidx.work:work-runtime:2.7.0] AndroidManifest.xml:49:13-44
245            android:enabled="@bool/enable_system_job_service_default"
245-->[androidx.work:work-runtime:2.7.0] AndroidManifest.xml:50:13-70
246            android:exported="true"
246-->[androidx.work:work-runtime:2.7.0] AndroidManifest.xml:51:13-36
247            android:permission="android.permission.BIND_JOB_SERVICE" />
247-->[androidx.work:work-runtime:2.7.0] AndroidManifest.xml:52:13-69
248        <service
248-->[androidx.work:work-runtime:2.7.0] AndroidManifest.xml:54:9-59:35
249            android:name="androidx.work.impl.foreground.SystemForegroundService"
249-->[androidx.work:work-runtime:2.7.0] AndroidManifest.xml:55:13-81
250            android:directBootAware="false"
250-->[androidx.work:work-runtime:2.7.0] AndroidManifest.xml:56:13-44
251            android:enabled="@bool/enable_system_foreground_service_default"
251-->[androidx.work:work-runtime:2.7.0] AndroidManifest.xml:57:13-77
252            android:exported="false" />
252-->[androidx.work:work-runtime:2.7.0] AndroidManifest.xml:58:13-37
253
254        <receiver
254-->[androidx.work:work-runtime:2.7.0] AndroidManifest.xml:61:9-66:35
255            android:name="androidx.work.impl.utils.ForceStopRunnable$BroadcastReceiver"
255-->[androidx.work:work-runtime:2.7.0] AndroidManifest.xml:62:13-88
256            android:directBootAware="false"
256-->[androidx.work:work-runtime:2.7.0] AndroidManifest.xml:63:13-44
257            android:enabled="true"
257-->[androidx.work:work-runtime:2.7.0] AndroidManifest.xml:64:13-35
258            android:exported="false" />
258-->[androidx.work:work-runtime:2.7.0] AndroidManifest.xml:65:13-37
259        <receiver
259-->[androidx.work:work-runtime:2.7.0] AndroidManifest.xml:67:9-77:20
260            android:name="androidx.work.impl.background.systemalarm.ConstraintProxy$BatteryChargingProxy"
260-->[androidx.work:work-runtime:2.7.0] AndroidManifest.xml:68:13-106
261            android:directBootAware="false"
261-->[androidx.work:work-runtime:2.7.0] AndroidManifest.xml:69:13-44
262            android:enabled="false"
262-->[androidx.work:work-runtime:2.7.0] AndroidManifest.xml:70:13-36
263            android:exported="false" >
263-->[androidx.work:work-runtime:2.7.0] AndroidManifest.xml:71:13-37
264            <intent-filter>
264-->[androidx.work:work-runtime:2.7.0] AndroidManifest.xml:73:13-76:29
265                <action android:name="android.intent.action.ACTION_POWER_CONNECTED" />
265-->[androidx.work:work-runtime:2.7.0] AndroidManifest.xml:74:17-87
265-->[androidx.work:work-runtime:2.7.0] AndroidManifest.xml:74:25-84
266                <action android:name="android.intent.action.ACTION_POWER_DISCONNECTED" />
266-->[androidx.work:work-runtime:2.7.0] AndroidManifest.xml:75:17-90
266-->[androidx.work:work-runtime:2.7.0] AndroidManifest.xml:75:25-87
267            </intent-filter>
268        </receiver>
269        <receiver
269-->[androidx.work:work-runtime:2.7.0] AndroidManifest.xml:78:9-88:20
270            android:name="androidx.work.impl.background.systemalarm.ConstraintProxy$BatteryNotLowProxy"
270-->[androidx.work:work-runtime:2.7.0] AndroidManifest.xml:79:13-104
271            android:directBootAware="false"
271-->[androidx.work:work-runtime:2.7.0] AndroidManifest.xml:80:13-44
272            android:enabled="false"
272-->[androidx.work:work-runtime:2.7.0] AndroidManifest.xml:81:13-36
273            android:exported="false" >
273-->[androidx.work:work-runtime:2.7.0] AndroidManifest.xml:82:13-37
274            <intent-filter>
274-->[androidx.work:work-runtime:2.7.0] AndroidManifest.xml:84:13-87:29
275                <action android:name="android.intent.action.BATTERY_OKAY" />
275-->[androidx.work:work-runtime:2.7.0] AndroidManifest.xml:85:17-77
275-->[androidx.work:work-runtime:2.7.0] AndroidManifest.xml:85:25-74
276                <action android:name="android.intent.action.BATTERY_LOW" />
276-->[androidx.work:work-runtime:2.7.0] AndroidManifest.xml:86:17-76
276-->[androidx.work:work-runtime:2.7.0] AndroidManifest.xml:86:25-73
277            </intent-filter>
278        </receiver>
279        <receiver
279-->[androidx.work:work-runtime:2.7.0] AndroidManifest.xml:89:9-99:20
280            android:name="androidx.work.impl.background.systemalarm.ConstraintProxy$StorageNotLowProxy"
280-->[androidx.work:work-runtime:2.7.0] AndroidManifest.xml:90:13-104
281            android:directBootAware="false"
281-->[androidx.work:work-runtime:2.7.0] AndroidManifest.xml:91:13-44
282            android:enabled="false"
282-->[androidx.work:work-runtime:2.7.0] AndroidManifest.xml:92:13-36
283            android:exported="false" >
283-->[androidx.work:work-runtime:2.7.0] AndroidManifest.xml:93:13-37
284            <intent-filter>